<?xml version="1.0" encoding="UTF-8"?>
<testng-results ignored="0" total="2" passed="2" failed="0" skipped="0">
  <reporter-output>
  </reporter-output>
  <suite started-at="2021-05-31T15:53:53 IST" name="cleartrip" finished-at="2021-05-31T15:54:53 IST" duration-ms="59974">
    <groups>
    </groups>
    <test started-at="2021-05-31T15:53:53 IST" name="Test" finished-at="2021-05-31T15:54:53 IST" duration-ms="59974">
      <class name="com.htc.cleartrip.test.TrainBookingTest">
        <test-method is-config="true" signature="setUp(org.testng.ITestContext)[pri:0, instance:com.htc.cleartrip.test.TrainBookingTest@55a147cc]" started-at="2021-05-31T15:53:53 IST" name="setUp" finished-at="2021-05-31T15:54:03 IST" duration-ms="9958" status="PASS">
          <params>
            <param index="0">
              <value>
                <![CDATA[org.testng.TestRunner@76a14c8d]]>
              </value>
            </param>
          </params>
          <reporter-output>
          </reporter-output>
        </test-method> <!-- setUp -->
        <test-method signature="LoginTest(java.util.Map)[pri:1, instance:com.htc.cleartrip.test.TrainBookingTest@55a147cc]" started-at="2021-05-31T15:54:04 IST" name="LoginTest" data-provider="Test" finished-at="2021-05-31T15:54:28 IST" duration-ms="23481" status="PASS">
          <params>
            <param index="0">
              <value>
                <![CDATA[{Message=romario, Username=hubertromario98@gmail.com, Password=Roshan@98}]]>
              </value>
            </param>
          </params>
          <reporter-output>
          </reporter-output>
        </test-method> <!-- LoginTest -->
        <test-method signature="TrainBookingTest(java.util.Map)[pri:2, instance:com.htc.cleartrip.test.TrainBookingTest@55a147cc]" started-at="2021-05-31T15:54:28 IST" name="TrainBookingTest" data-provider="Test" finished-at="2021-05-31T15:54:53 IST" duration-ms="25390" status="PASS">
          <params>
            <param index="0">
              <value>
                <![CDATA[{BookinggType=Hotelcheckout, pincode=620017.0, Email=hubertromario98@gmail.com, Address=Ammayappanagar, Flight=Kingfisher, TravelDate=10/June/2021, Lastname=Romario, From=Trichy, City=Trichy, Mobile=9944193429, Nationality=Indian, airport=Trichy, Firstname=Hubert, Checkindate=28/May/2021, Type=Flight, Typee=Train, Checkoutdate=30/May/2021, State=Tamilnadu, Passportno=T654321, Country=India, To=Chennai, BookingType=Hotelcheckin, Emessage=Great, your changes have been saved.
x
     }]]>
              </value>
            </param>
          </params>
          <reporter-output>
          </reporter-output>
        </test-method> <!-- TrainBookingTest -->
      </class> <!-- com.htc.cleartrip.test.TrainBookingTest -->
    </test> <!-- Test -->
  </suite> <!-- cleartrip -->
</testng-results>
